[debug] [2024-11-03T18:58:54.826Z] ----------------------------------------------------------------------
[debug] [2024-11-03T18:58:54.828Z] Command:       C:\Program Files\nodejs\node.exe C:\Users\KIIT0001\AppData\Roaming\npm\node_modules\firebase-tools\lib\bin\firebase.js init
[debug] [2024-11-03T18:58:54.828Z] CLI Version:   13.22.1
[debug] [2024-11-03T18:58:54.828Z] Platform:      win32
[debug] [2024-11-03T18:58:54.828Z] Node Version:  v20.15.0
[debug] [2024-11-03T18:58:54.828Z] Time:          Mon Nov 04 2024 00:28:54 GMT+0530 (India Standard Time)
[debug] [2024-11-03T18:58:54.829Z] ----------------------------------------------------------------------
[debug] 
[debug] [2024-11-03T18:58:54.832Z] >>> [apiv2][query] GET https://firebase-public.firebaseio.com/cli.json [none]
[debug] [2024-11-03T18:58:54.911Z] > command requires scopes: ["email","openid","https://www.googleapis.com/auth/cloudplatformprojects.readonly","https://www.googleapis.com/auth/firebase","https://www.googleapis.com/auth/cloud-platform"]
[debug] [2024-11-03T18:58:54.911Z] > authorizing via signed-in user (shivankit7557@gmail.com)
[info] 
     ######## #### ########  ######## ########     ###     ######  ########
     ##        ##  ##     ## ##       ##     ##  ##   ##  ##       ##
     ######    ##  ########  ######   ########  #########  ######  ######
     ##        ##  ##    ##  ##       ##     ## ##     ##       ## ##
     ##       #### ##     ## ######## ########  ##     ##  ######  ########

You're about to initialize a Firebase project in this directory:

  C:\Users\KIIT0001\Desktop\netflix-gpt

Before we get started, keep in mind:

  * You are initializing within an existing Firebase project directory

[debug] [2024-11-03T18:58:55.707Z] <<< [apiv2][status] GET https://firebase-public.firebaseio.com/cli.json 200
[debug] [2024-11-03T18:58:55.707Z] <<< [apiv2][body] GET https://firebase-public.firebaseio.com/cli.json {"cloudBuildErrorAfter":1594252800000,"cloudBuildWarnAfter":1590019200000,"defaultNode10After":1594252800000,"minVersion":"3.0.5","node8DeploysDisabledAfter":1613390400000,"node8RuntimeDisabledAfter":1615809600000,"node8WarnAfter":1600128000000}
[info] 
=== Project Setup
[info] 
[info] First, let's associate this project directory with a Firebase project.
[info] You can create multiple project aliases by running firebase use --add, 
[info] but for now we'll just set up a default project.
[info] 
[debug] [2024-11-03T18:59:35.803Z] Using project from CLI flag: netflix-da1f6
[debug] [2024-11-03T18:59:35.804Z] Checked if tokens are valid: false, expires at: 1730285370100
[debug] [2024-11-03T18:59:35.804Z] Checked if tokens are valid: false, expires at: 1730285370100
[debug] [2024-11-03T18:59:35.805Z] > refreshing access token with scopes: []
[debug] [2024-11-03T18:59:35.805Z] >>> [apiv2][query] POST https://www.googleapis.com/oauth2/v3/token [none]
[debug] [2024-11-03T18:59:35.805Z] >>> [apiv2][body] POST https://www.googleapis.com/oauth2/v3/token [omitted]
[debug] [2024-11-03T18:59:36.364Z] <<< [apiv2][status] POST https://www.googleapis.com/oauth2/v3/token 200
[debug] [2024-11-03T18:59:36.364Z] <<< [apiv2][body] POST https://www.googleapis.com/oauth2/v3/token [omitted]
[debug] [2024-11-03T18:59:36.384Z] >>> [apiv2][query] GET https://firebase.googleapis.com/v1beta1/projects/netflix-da1f6 [none]
[debug] [2024-11-03T18:59:37.381Z] <<< [apiv2][status] GET https://firebase.googleapis.com/v1beta1/projects/netflix-da1f6 200
[debug] [2024-11-03T18:59:37.381Z] <<< [apiv2][body] GET https://firebase.googleapis.com/v1beta1/projects/netflix-da1f6 {"projectId":"netflix-da1f6","projectNumber":"445991243403","displayName":"Netflix","name":"projects/netflix-da1f6","resources":{"hostingSite":"netflix-da1f6"},"state":"ACTIVE","etag":"1_6f98bb4b-5a44-400c-8488-3d6256cfdacd"}
[info] i  Using project netflix-da1f6 (Netflix) 
[info] 
=== Hosting Setup
[debug] [2024-11-03T18:59:37.424Z] Checked if tokens are valid: true, expires at: 1730663975364
[debug] [2024-11-03T18:59:37.424Z] Checked if tokens are valid: true, expires at: 1730663975364
[debug] [2024-11-03T18:59:37.425Z] >>> [apiv2][query] GET https://firebase.googleapis.com/v1beta1/projects/netflix-da1f6 [none]
[debug] [2024-11-03T18:59:37.994Z] <<< [apiv2][status] GET https://firebase.googleapis.com/v1beta1/projects/netflix-da1f6 200
[debug] [2024-11-03T18:59:37.994Z] <<< [apiv2][body] GET https://firebase.googleapis.com/v1beta1/projects/netflix-da1f6 {"projectId":"netflix-da1f6","projectNumber":"445991243403","displayName":"Netflix","name":"projects/netflix-da1f6","resources":{"hostingSite":"netflix-da1f6"},"state":"ACTIVE","etag":"1_6f98bb4b-5a44-400c-8488-3d6256cfdacd"}
[info] 
[info] Your public directory is the folder (relative to your project directory) that
[info] will contain Hosting assets to be uploaded with firebase deploy. If you
[info] have a build process for your assets, use your build's output directory.
[info] 
[info] +  Wrote build/404.html 
[debug] [2024-11-03T18:59:56.695Z] >>> [apiv2][query] GET https://www.gstatic.com/firebasejs/releases.json [none]
[debug] [2024-11-03T18:59:57.143Z] <<< [apiv2][status] GET https://www.gstatic.com/firebasejs/releases.json 200
[debug] [2024-11-03T18:59:57.143Z] <<< [apiv2][body] GET https://www.gstatic.com/firebasejs/releases.json {"current":{"version":"11.0.1","browserURL":"https://www.gstatic.com/firebasejs/11.0.1/firebase.js","packageURL":"https://www.gstatic.com/firebasejs/11.0.1/firebase.tgz"},"live":{"version":"11.0","browserURL":"https://www.gstatic.com/firebasejs/live/11.0/firebase.js","packageURL":"https://www.gstatic.com/firebasejs/live/11.0/firebase.tgz"},"components":{"analytics":"https://www.gstatic.com/firebasejs/11.0.1/firebase-analytics.js","app":"https://www.gstatic.com/firebasejs/11.0.1/firebase-app.js","app-check":"https://www.gstatic.com/firebasejs/11.0.1/firebase-app-check.js","auth":"https://www.gstatic.com/firebasejs/11.0.1/firebase-auth.js","auth/cordova":"https://www.gstatic.com/firebasejs/11.0.1/firebase-auth/cordova.js","auth/web-extension":"https://www.gstatic.com/firebasejs/11.0.1/firebase-auth/web-extension.js","functions":"https://www.gstatic.com/firebasejs/11.0.1/firebase-functions.js","firestore":"https://www.gstatic.com/firebasejs/11.0.1/firebase-firestore.js","firestore/lite":"https://www.gstatic.com/firebasejs/11.0.1/firebase-firestore/lite.js","installations":"https://www.gstatic.com/firebasejs/11.0.1/firebase-installations.js","storage":"https://www.gstatic.com/firebasejs/11.0.1/firebase-storage.js","performance":"https://www.gstatic.com/firebasejs/11.0.1/firebase-performance.js","remote-config":"https://www.gstatic.com/firebasejs/11.0.1/firebase-remote-config.js","messaging":"https://www.gstatic.com/firebasejs/11.0.1/firebase-messaging.js","messaging/sw":"https://www.gstatic.com/firebasejs/11.0.1/firebase-messaging/sw.js","database":"https://www.gstatic.com/firebasejs/11.0.1/firebase-database.js","vertexai":"https://www.gstatic.com/firebasejs/11.0.1/firebase-vertexai.js","data-connect":"https://www.gstatic.com/firebasejs/11.0.1/firebase-data-connect.js","firestore.memory":"https://www.gstatic.com/firebasejs/11.0.1/firebase-firestore.memory.js"}}
[info] +  Wrote build/index.html 
[info] 
[info] i  Detected a .git folder at C:\Users\KIIT0001\Desktop\netflix-gpt 
[info] i  Authorizing with GitHub to upload your service account to a GitHub repository's secrets store. 
[info] 
[info] Visit this URL on this device to log in:
[info] https://github.com/login/oauth/authorize?client_id=89cf50f02ac6aaed3484&state=197780521&redirect_uri=http%3A%2F%2Flocalhost%3A9005&scope=read%3Auser%20repo%20public_repo
[info] 
[info] Waiting for authentication...
[debug] [2024-11-03T19:00:30.438Z] >>> [apiv2][query] POST https://github.com/login/oauth/access_token [none]
[debug] [2024-11-03T19:00:30.438Z] >>> [apiv2][body] POST https://github.com/login/oauth/access_token [stream]
[debug] [2024-11-03T19:00:31.133Z] <<< [apiv2][status] POST https://github.com/login/oauth/access_token 200
[debug] [2024-11-03T19:00:31.133Z] <<< [apiv2][body] POST https://github.com/login/oauth/access_token {"access_token":"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","token_type":"bearer","scope":"read:user,repo"}
[debug] [2024-11-03T19:00:31.142Z] >>> [apiv2][query] GET https://api.github.com/user [none]
[debug] [2024-11-03T19:00:32.142Z] <<< [apiv2][status] GET https://api.github.com/user 200
[debug] [2024-11-03T19:00:32.143Z] <<< [apiv2][body] GET https://api.github.com/user {"login":"shiivankiit","id":178014288,"node_id":"U_kgDOCpxIUA","avatar_url":"https://avatars.githubusercontent.com/u/178014288?v=4","gravatar_id":"","url":"https://api.github.com/users/shiivankiit","html_url":"https://github.com/shiivankiit","followers_url":"https://api.github.com/users/shiivankiit/followers","following_url":"https://api.github.com/users/shiivankiit/following{/other_user}","gists_url":"https://api.github.com/users/shiivankiit/gists{/gist_id}","starred_url":"https://api.github.com/users/shiivankiit/starred{/owner}{/repo}","subscriptions_url":"https://api.github.com/users/shiivankiit/subscriptions","organizations_url":"https://api.github.com/users/shiivankiit/orgs","repos_url":"https://api.github.com/users/shiivankiit/repos","events_url":"https://api.github.com/users/shiivankiit/events{/privacy}","received_events_url":"https://api.github.com/users/shiivankiit/received_events","type":"User","user_view_type":"private","site_admin":false,"name":null,"company":null,"blog":"","location":null,"email":null,"hireable":null,"bio":null,"twitter_username":null,"notification_email":null,"public_repos":5,"public_gists":0,"followers":0,"following":0,"created_at":"2024-08-10T10:31:48Z","updated_at":"2024-10-09T09:35:43Z","private_gists":0,"total_private_repos":1,"owned_private_repos":1,"disk_usage":2574,"collaborators":0,"two_factor_authentication":false,"plan":{"name":"free","space":976562499,"collaborators":0,"private_repos":10000}}
[info] 
[info] +  Success! Logged into GitHub as shiivankiit 
[info] 
[debug] [2024-11-03T19:01:17.610Z] >>> [apiv2][query] GET https://api.github.com/repos/n/actions/secrets/public-key type=owner
[debug] [2024-11-03T19:01:18.473Z] <<< [apiv2][status] GET https://api.github.com/repos/n/actions/secrets/public-key 404
[debug] [2024-11-03T19:01:18.473Z] <<< [apiv2][body] GET https://api.github.com/repos/n/actions/secrets/public-key {"message":"Not Found","documentation_url":"https://docs.github.com/rest","status":"404"}
[info] 
[info] 
[error] !  The provided authorization cannot be used with this repository. If this repository is in an organization, did you remember to grant access? 
[info] 
[info] i  Action required: Visit this URL to ensure access has been granted to the appropriate organization(s) for the Firebase CLI GitHub OAuth App: 
[info] https://github.com/settings/connections/applications/89cf50f02ac6aaed3484
[info] 
[debug] [2024-11-03T19:01:20.419Z] >>> [apiv2][query] GET https://api.github.com/repos//actions/secrets/public-key type=owner
[debug] [2024-11-03T19:01:20.812Z] <<< [apiv2][status] GET https://api.github.com/repos//actions/secrets/public-key 404
[debug] [2024-11-03T19:01:20.812Z] <<< [apiv2][body] GET https://api.github.com/repos//actions/secrets/public-key {"message":"Not Found","documentation_url":"https://docs.github.com/rest","status":"404"}
[info] 
[info] 
[error] !  The provided authorization cannot be used with this repository. If this repository is in an organization, did you remember to grant access? 
[info] 
[info] i  Action required: Visit this URL to ensure access has been granted to the appropriate organization(s) for the Firebase CLI GitHub OAuth App: 
[info] https://github.com/settings/connections/applications/89cf50f02ac6aaed3484
[info] 
[debug] [2024-11-03T19:01:21.035Z] >>> [apiv2][query] GET https://api.github.com/repos//actions/secrets/public-key type=owner
[debug] [2024-11-03T19:01:21.511Z] <<< [apiv2][status] GET https://api.github.com/repos//actions/secrets/public-key 404
[debug] [2024-11-03T19:01:21.511Z] <<< [apiv2][body] GET https://api.github.com/repos//actions/secrets/public-key {"message":"Not Found","documentation_url":"https://docs.github.com/rest","status":"404"}
[info] 
[info] 
[error] !  The provided authorization cannot be used with this repository. If this repository is in an organization, did you remember to grant access? 
[info] 
[info] i  Action required: Visit this URL to ensure access has been granted to the appropriate organization(s) for the Firebase CLI GitHub OAuth App: 
[info] https://github.com/settings/connections/applications/89cf50f02ac6aaed3484
[info] 
